0,0-80
1,80-127
2,127-172
3,172-220
4,220-267
5,267-314
6,314-362
7,362-408
8,408-455
9,455-504
10,504-549
11,549-593
12,593-640
13,640-683
14,683-726
15,726-771
16,771-817
17,817-866
18,866-914
19,914-961
20,961-1009
21,1009-1056
22,1056-1103
23,1103-1148
24,1148-1193
25,1193-1242
26,1242-1291
27,1291-1340
28,1340-1391
29,1391-1441
30,1441-1489
31,1489-1538
32,1538-1588
33,1588-1636
34,1636-1685
35,1685-1732
36,1732-1779
37,1779-1823
38,1823-1872
39,1872-1923
40,1923-1974
41,1974-2019
42,2019-2065
43,2065-2110
44,2110-2154
45,2154-2203
46,2203-2245
47,2245-2290
48,2290-2334
49,2334-2379
50,2379-2426
51,2426-2474
52,2474-2520
53,2520-2568
54,2568-2614
55,2614-2660
56,2660-2708
57,2708-2759
58,2759-2806
59,2806-2854
60,2854-2900
61,2900-2948
62,2948-2996
63,2996-3042
64,3042-3092
65,3092-3143
66,3143-3191
67,3191-3241
68,3241-3291
69,3291-3340
70,3340-3389
71,3389-3440
72,3440-3489
73,3489-3540
74,3540-3586
75,3586-3633
76,3633-3678
77,3678-3722
78,3722-3770
79,3770-3817
80,3817-3865
81,3865-3916
82,3916-3967
83,3967-4017
84,4017-4062
85,4062-4110
86,4110-4153
87,4153-4199
88,4199-4245
89,4245-4291
90,4291-4339
91,4339-4387
92,4387-4433
93,4433-4480
94,4480-4527
95,4527-4570
96,4570-4618
97,4618-4665
98,4665-4711
99,4711-4759
100,4759-4810
101,4810-4863
102,4863-4912
103,4912-4962
104,4962-5009
105,5009-5058
106,5058-5112
107,5112-5167
108,5167-5217
109,5217-5265
110,5265-5314
111,5314-5362
112,5362-5412
113,5412-5460
114,5460-5509
115,5509-5561
116,5561-5607
117,5607-5653
118,5653-5700
119,5700-5747
120,5747-5793
121,5793-5842
122,5842-5894
123,5894-5941
124,5941-5984
125,5984-6038
126,6038-6084
127,6084-6130
128,6130-6179
129,6179-6227
130,6227-6277
131,6277-6324
132,6324-6370
133,6370-6416
134,6416-6466
135,6466-6518
136,6518-6566
137,6566-6614
138,6614-6661
139,6661-6709
140,6709-6754
141,6754-6803
142,6803-6854
143,6854-6905
144,6905-6952
145,6952-7002
146,7002-7049
147,7049-7097
148,7097-7147
149,7147-7200
150,7200-7251
151,7251-7302
152,7302-7351
153,7351-7398
154,7398-7448
155,7448-7496
156,7496-7542
157,7542-7593
158,7593-7641
159,7641-7689
160,7689-7741
161,7741-7789
162,7789-7836
163,7836-7885
164,7885-7934
165,7934-7978
166,7978-8023
167,8023-8069
168,8069-8114
169,8114-8162
170,8162-8210
171,8210-8258
172,8258-8306
173,8306-8352
174,8352-8402
175,8402-8448
176,8448-8496
177,8496-8542
178,8542-8588
179,8588-8637
180,8637-8687
181,8687-8739
182,8739-8789
183,8789-8835
184,8835-8885
185,8885-8935
186,8935-8984
187,8984-9030
188,9030-9078
189,9078-9127
190,9127-9173
191,9173-9220
192,9220-9269
193,9269-9312
194,9312-9358
195,9358-9406
196,9406-9456
197,9456-9504
198,9504-9550
199,9550-9600
200,9600-9650
201,9650-9697
202,9697-9749
203,9749-9799
204,9799-9843
205,9843-9892
206,9892-9943
207,9943-9991
208,9991-10039
209,10039-10087
210,10087-10136
211,10136-10184
212,10184-10230
213,10230-10276
214,10276-10324
215,10324-10371
216,10371-10421
217,10421-10471
218,10471-10516
219,10516-10564
220,10564-10608
221,10608-10657
222,10657-10704
223,10704-10752
224,10752-10803
225,10803-10849
226,10849-10897
227,10897-10946
228,10946-10993
229,10993-11041
230,11041-11088
231,11088-11135
232,11135-11185
233,11185-11235
234,11235-11284
235,11284-11333
236,11333-11383
237,11383-11436
238,11436-11482
239,11482-11531
240,11531-11575
241,11575-11625
242,11625-11675
243,11675-11726
244,11726-11772
245,11772-11821
246,11821-11868
247,11868-11914
248,11914-11966
249,11966-12016
250,12016-12063
251,12063-12117
252,12117-12164
253,12164-12211
254,12211-12261
255,12261-12307
256,12307-12355
257,12355-12404
258,12404-12450
259,12450-12499
260,12499-12549
261,12549-12597
262,12597-12645
263,12645-12695
264,12695-12744
265,12744-12789
266,12789-12834
267,12834-12882
268,12882-12927
269,12927-12971
270,12971-13016
271,13016-13062
272,13062-13111
273,13111-13157
274,13157-13204
275,13204-13252
276,13252-13300
277,13300-13349
278,13349-13396
279,13396-13445
280,13445-13492
281,13492-13540
282,13540-13593
283,13593-13638
284,13638-13686
285,13686-13735
286,13735-13783
287,13783-13831
288,13831-13880
289,13880-13932
290,13932-13977
291,13977-14023
292,14023-14068
293,14068-14116
294,14116-14164
295,14164-14213
296,14213-14264
297,14264-14317
298,14317-14365
299,14365-14413
300,14413-14460
301,14460-14509
302,14509-14555
303,14555-14601
304,14601-14646
305,14646-14693
306,14693-14741
307,14741-14792
308,14792-14843
309,14843-14895
310,14895-14949
311,14949-14998
312,14998-15046
313,15046-15091
314,15091-15137
315,15137-15185
316,15185-15232
317,15232-15280
318,15280-15328
319,15328-15377
320,15377-15425
321,15425-15473
322,15473-15517
323,15517-15566
324,15566-15613
325,15613-15661
326,15661-15711
327,15711-15758
328,15758-15808
329,15808-15856
330,15856-15905
331,15905-15951
332,15951-16001
333,16001-16048
334,16048-16097
335,16097-16147
336,16147-16197
337,16197-16244
338,16244-16290
339,16290-16338
340,16338-16387
341,16387-16435
342,16435-16485
343,16485-16532
344,16532-16582
345,16582-16627
346,16627-16674
347,16674-16720
348,16720-16768
349,16768-16814
350,16814-16863
351,16863-16912
352,16912-16961
353,16961-17008
354,17008-17056
355,17056-17103
356,17103-17153
357,17153-17200
358,17200-17250
359,17250-17295
360,17295-17343
361,17343-17388
362,17388-17432
363,17432-17476
364,17476-17520
365,17520-17566
366,17566-17614
367,17614-17663
368,17663-17713
369,17713-17764
370,17764-17811
371,17811-17857
372,17857-17906
373,17906-17959
374,17959-18005
375,18005-18052
376,18052-18103
377,18103-18152
378,18152-18198
379,18198-18248
380,18248-18297
381,18297-18346
382,18346-18395
383,18395-18446
384,18446-18497
385,18497-18549
386,18549-18611
387,18611-18658
388,18658-18704
389,18704-18754
390,18754-18801
391,18801-18848
392,18848-18899
393,18899-18945
394,18945-18993
395,18993-19043
396,19043-19090
397,19090-19139
398,19139-19191
399,19191-19238
400,19238-19286
401,19286-19333
402,19333-19381
403,19381-19429
404,19429-19477
405,19477-19527
406,19527-19572
407,19572-19622
408,19622-19670
409,19670-19719
410,19719-19767
411,19767-19817
412,19817-19860
413,19860-19918
414,19918-19962
415,19962-20006
416,20006-20055
417,20055-20107
418,20107-20153
419,20153-20203
420,20203-20250
421,20250-20297
422,20297-20344
423,20344-20394
424,20394-20444
425,20444-20492
426,20492-20541
427,20541-20589
428,20589-20638
429,20638-20690
430,20690-20741
431,20741-20789
432,20789-20838
433,20838-20889
434,20889-20936
435,20936-20986
436,20986-21033
437,21033-21083
438,21083-21128
439,21128-21178
440,21178-21225
441,21225-21272
442,21272-21323
443,21323-21369
444,21369-21416
445,21416-21468
446,21468-21517
447,21517-21565
448,21565-21617
449,21617-21668
450,21668-21721
451,21721-21769
452,21769-21818
453,21818-21867
454,21867-21918
455,21918-21968
456,21968-22015
457,22015-22063
458,22063-22111
459,22111-22157
460,22157-22206
461,22206-22254
462,22254-22308
463,22308-22360
464,22360-22413
465,22413-22466
466,22466-22520
467,22520-22569
468,22569-22619
469,22619-22665
470,22665-22714
471,22714-22761
472,22761-22810
473,22810-22859
474,22859-22910
475,22910-22961
476,22961-23011
477,23011-23062
478,23062-23109
479,23109-23157
480,23157-23204
481,23204-23256
482,23256-23305
483,23305-23355
484,23355-23405
485,23405-23453
486,23453-23507
487,23507-23572
488,23572-23626
489,23626-23672
490,23672-23725
491,23725-23772
492,23772-23834
493,23834-23886
494,23886-23940
495,23940-23985
496,23985-24032
497,24032-24082
498,24082-24126
499,24126-24172
500,24172-24220
501,24220-24268
502,24268-24314
503,24314-24364
504,24364-24411
505,24411-24459
506,24459-24508
507,24508-24556
508,24556-24607
509,24607-24654
510,24654-24701
511,24701-24748
512,24748-24797
513,24797-24843
514,24843-24891
515,24891-24938
516,24938-24987
517,24987-25034
518,25034-25086
519,25086-25133
520,25133-25183
521,25183-25233
522,25233-25283
523,25283-25337
524,25337-25386
525,25386-25434
526,25434-25483
527,25483-25531
528,25531-25581
529,25581-25629
530,25629-25681
531,25681-25729
532,25729-25779
533,25779-25830
534,25830-25885
535,25885-25932
536,25932-25981
537,25981-26032
538,26032-26082
539,26082-26130
540,26130-26176
541,26176-26222
542,26222-26269
543,26269-26315
544,26315-26363
545,26363-26412
546,26412-26460
547,26460-26511
548,26511-26558
549,26558-26608
550,26608-26656
551,26656-26704
552,26704-26753
553,26753-26805
554,26805-26852
555,26852-26916
556,26916-26965
557,26965-27010
558,27010-27056
559,27056-27102
560,27102-27150
561,27150-27201
562,27201-27247
563,27247-27299
564,27299-27348
565,27348-27400
566,27400-27446
567,27446-27496
568,27496-27545
569,27545-27594
570,27594-27638
571,27638-27687
572,27687-27736
573,27736-27786
574,27786-27835
575,27835-27886
576,27886-27939
577,27939-27989
578,27989-28039
579,28039-28092
580,28092-28140
581,28140-28186
582,28186-28233
583,28233-28280
584,28280-28328
585,28328-28377
586,28377-28427
587,28427-28477
588,28477-28525
589,28525-28576
590,28576-28623
591,28623-28673
592,28673-28721
593,28721-28772
594,28772-28822
595,28822-28866
596,28866-28915
597,28915-28964
598,28964-29016
599,29016-29061
600,29061-29106
601,29106-29157
602,29157-29206
603,29206-29258
604,29258-29313
605,29313-29361
606,29361-29412
607,29412-29459
608,29459-29506
609,29506-29557
610,29557-29602
611,29602-29651
612,29651-29700
613,29700-29745
614,29745-29791
615,29791-29840
616,29840-29885
617,29885-29933
618,29933-29983
619,29983-30033
620,30033-30086
621,30086-30137
622,30137-30184
623,30184-30232
624,30232-30279
625,30279-30327
626,30327-30379
627,30379-30427
628,30427-30478
629,30478-30524
630,30524-30574
631,30574-30621
632,30621-30668
633,30668-30712
634,30712-30759
635,30759-30809
636,30809-30855
637,30855-30905
638,30905-30954
639,30954-31003
640,31003-31052
641,31052-31118
642,31118-31187
643,31187-31240
644,31240-31291
645,31291-31357
646,31357-31406
647,31406-31468
648,31468-31530
649,31530-31578
650,31578-31625
651,31625-31674
652,31674-31726
653,31726-31773
654,31773-31819
655,31819-31868
656,31868-31915
657,31915-31964
658,31964-32014
659,32014-32063
660,32063-32113
661,32113-32164
662,32164-32214
663,32214-32264
664,32264-32312
665,32312-32356
666,32356-32402
667,32402-32447
668,32447-32494
669,32494-32543
670,32543-32590
671,32590-32639
672,32639-32685
673,32685-32733
674,32733-32783
675,32783-32834
676,32834-32883
677,32883-32931
678,32931-32986
679,32986-33034
680,33034-33084
681,33084-33146
682,33146-33194
683,33194-33245
684,33245-33292
685,33292-33340
686,33340-33384
687,33384-33430
688,33430-33476
689,33476-33527
690,33527-33574
691,33574-33624
692,33624-33673
693,33673-33723
694,33723-33776
695,33776-33830
696,33830-33875
697,33875-33925
698,33925-33970
699,33970-34017
700,34017-34066
701,34066-34118
702,34118-34169
703,34169-34217
704,34217-34263
705,34263-34312
706,34312-34362
707,34362-34408
708,34408-34456
709,34456-34506
710,34506-34567
711,34567-34629
712,34629-34675
713,34675-34722
714,34722-34769
715,34769-34818
716,34818-34867
717,34867-34915
718,34915-34974
719,34974-35023
720,35023-35086
721,35086-35136
35852
694,35852-35852
695,35852-35852
696,35852-35852
697,35852-35852
698,35852-35852
699,35852-35852
700,35852-35852
701,35852-35852
702,35852-35852
703,35852-35852
704,35852-35852
705,35852-35852
706,35852-35852
707,35852-35852
708,35852-35852
709,35852-35852
710,35852-35852
711,35852-35852
712,35852-35852
713,35852-35852
714,35852-35852
715,35852-35852
716,35852-35852
717,35852-35852
718,35852-35852
719,35852-35852
720,35852-35852
721,35852-35852
